#
# There is insufficient memory for the Java Runtime Environment to continue.
# Native memory allocation (mmap) failed to map 134217728 bytes for Failed to commit area from 0x0000000081000000 to 0x0000000089000000 of length 134217728.
# Possible reasons:
#   The system is out of physical RAM or swap space
#   The process is running with CompressedOops enabled, and the Java Heap may be blocking the growth of the native heap
# Possible solutions:
#   Reduce memory load on the system
#   Increase physical memory or swap space
#   Check if swap backing store is full
#   Decrease Java heap size (-Xmx/-Xms)
#   Decrease number of Java threads
#   Decrease Java thread stack sizes (-Xss)
#   Set larger code cache with -XX:ReservedCodeCacheSize=
# This output file may be truncated or incomplete.
#
#  Out of Memory Error (./src/hotspot/os/windows/os_windows.cpp:3386), pid=3000, tid=5644
#
# JRE version:  (11.0.16+8) (build )
# Java VM: OpenJDK 64-Bit Server VM (11.0.16+8, mixed mode, sharing, tiered, compressed oops, g1 gc, windows-amd64)
# No core dump will be written. Minidumps are not enabled by default on client versions of Windows
#

---------------  S U M M A R Y ------------

Command Line: org.jetbrains.kotlin.cli.jvm.K2JVMCompiler @E:\Internee\react-native-intern-2023\node_modules\react-native-gesture-handler\android\build\20230726_12837579687872866305.compiler.options

Host: Intel(R) Core(TM) i5-4210U CPU @ 1.70GHz, 4 cores, 7G,  Windows 10 , 64 bit Build 19041 (10.0.19041.3155)
Time: Wed Jul 26 18:18:38 2023 Pakistan Standard Time elapsed time: 0.027033 seconds (0d 0h 0m 0s)

---------------  T H R E A D  ---------------

Current thread (0x000002097044c800):  JavaThread "Unknown thread" [_thread_in_vm, id=5644, stack(0x0000000ffaa00000,0x0000000ffab00000)]

Stack: [0x0000000ffaa00000,0x0000000ffab00000]
Native frames: (J=compiled Java code, j=interpreted, Vv=VM code, C=native code)
V  [jvm.dll+0x61a63a]
V  [jvm.dll+0x757439]
V  [jvm.dll+0x758b28]
V  [jvm.dll+0x759203]
V  [jvm.dll+0x24d9a8]
V  [jvm.dll+0x61794a]
V  [jvm.dll+0x60c0f5]
V  [jvm.dll+0x304f5c]
V  [jvm.dll+0x304de2]
V  [jvm.dll+0x309af6]
V  [jvm.dll+0x34fe4f]
V  [jvm.dll+0x34f880]
V  [jvm.dll+0x2e1fd8]
V  [jvm.dll+0x2e3136]
V  [jvm.dll+0x731417]
V  [jvm.dll+0x732b9f]
V  [jvm.dll+0x35cb99]
V  [jvm.dll+0x7142b0]
V  [jvm.dll+0x3ca5ef]
V  [jvm.dll+0x3cc7a1]
C  [jli.dll+0x5207]
C  [ucrtbase.dll+0x21bb2]
C  [KERNEL32.DLL+0x17614]
C  [ntdll.dll+0x526b1]


---------------  P R O C E S S  ---------------

Threads class SMR info:
_java_thread_list=0x000002096eb72740, length=0, elements={
}

Java Threads: ( => current thread )

Other Threads:
  0x0000020970464000 GCTaskThread "GC Thread#0" [stack: 0x0000000ffab00000,0x0000000ffac00000] [id=12228]
  0x0000020970496000 ConcurrentGCThread "G1 Main Marker" [stack: 0x0000000ffac00000,0x0000000ffad00000] [id=6416]
  0x0000020970497800 ConcurrentGCThread "G1 Conc#0" [stack: 0x0000000ffad00000,0x0000000ffae00000] [id=10980]

[error occurred during error reporting (printing all threads), id 0xc0000005, EXCEPTION_ACCESS_VIOLATION (0xc0000005) at pc=0x00007ffc636d17a7]

VM state:not at safepoint (not fully initialized)

VM Mutex/Monitor currently owned by a thread:  ([mutex/lock_event])
[0x0000020970448f70] Heap_lock - owner thread: 0x000002097044c800

Heap address: 0x0000000081000000, size: 2032 MB, Compressed Oops mode: Non-zero based: 0x0000000081000000
Narrow klass base: 0x0000000000000000, Narrow klass shift: 0

GC Heap History (0 events):
No events

Deoptimization events (0 events):
No events

Classes redefined (0 events):
No events

Internal exceptions (0 events):
No events

Events (1 events):
Event: 0.017 Loaded shared library C:\Program Files\OpenJDK\openjdk-11.0.16_8\bin\zip.dll


Dynamic libraries:
0x00007ff78d9f0000 - 0x00007ff78d9fd000 	C:\Program Files\OpenJDK\openjdk-11.0.16_8\bin\java.exe
0x00007ffcaa510000 - 0x00007ffcaa708000 	C:\WINDOWS\SYSTEM32\ntdll.dll
0x00007ffcaa170000 - 0x00007ffcaa22f000 	C:\WINDOWS\System32\KERNEL32.DLL
0x00007ffca7fd0000 - 0x00007ffca82c6000 	C:\WINDOWS\System32\KERNELBASE.dll
0x00007ffca7bf0000 - 0x00007ffca7cf0000 	C:\WINDOWS\System32\ucrtbase.dll
0x00007ffc63fb0000 - 0x00007ffc63fc7000 	C:\Program Files\OpenJDK\openjdk-11.0.16_8\bin\jli.dll
0x00007ffca8570000 - 0x00007ffca870d000 	C:\WINDOWS\System32\USER32.dll
0x00007ffca7e40000 - 0x00007ffca7e62000 	C:\WINDOWS\System32\win32u.dll
0x00007ffca8ff0000 - 0x00007ffca901c000 	C:\WINDOWS\System32\GDI32.dll
0x00007ffc63f90000 - 0x00007ffc63fa5000 	C:\Program Files\OpenJDK\openjdk-11.0.16_8\bin\VCRUNTIME140.dll
0x00007ffca7d20000 - 0x00007ffca7e35000 	C:\WINDOWS\System32\gdi32full.dll
0x00007ffca8320000 - 0x00007ffca83bd000 	C:\WINDOWS\System32\msvcp_win.dll
0x00007ffc937b0000 - 0x00007ffc93a4a000 	C:\WINDOWS\WinSxS\amd64_microsoft.windows.common-controls_6595b64144ccf1df_6.0.19041.1110_none_60b5254171f9507e\COMCTL32.dll
0x00007ffcaa300000 - 0x00007ffcaa39e000 	C:\WINDOWS\System32\msvcrt.dll
0x00007ffca9720000 - 0x00007ffca9750000 	C:\WINDOWS\System32\IMM32.DLL
0x00007ffc63ef0000 - 0x00007ffc63f8b000 	C:\Program Files\OpenJDK\openjdk-11.0.16_8\bin\msvcp140.dll
0x00007ffc633e0000 - 0x00007ffc63eee000 	C:\Program Files\OpenJDK\openjdk-11.0.16_8\bin\server\jvm.dll
0x00007ffca87f0000 - 0x00007ffca889f000 	C:\WINDOWS\System32\ADVAPI32.dll
0x00007ffca9980000 - 0x00007ffca9a1c000 	C:\WINDOWS\System32\sechost.dll
0x00007ffca9020000 - 0x00007ffca9146000 	C:\WINDOWS\System32\RPCRT4.dll
0x00007ffca9be0000 - 0x00007ffca9be8000 	C:\WINDOWS\System32\PSAPI.DLL
0x00007ffc8c7d0000 - 0x00007ffc8c7d9000 	C:\WINDOWS\SYSTEM32\WSOCK32.dll
0x00007ffc93650000 - 0x00007ffc93677000 	C:\WINDOWS\SYSTEM32\WINMM.dll
0x00007ffca96b0000 - 0x00007ffca971b000 	C:\WINDOWS\System32\WS2_32.dll
0x00007ffc9a9a0000 - 0x00007ffc9a9aa000 	C:\WINDOWS\SYSTEM32\VERSION.dll
0x00007ffca5b10000 - 0x00007ffca5b22000 	C:\WINDOWS\SYSTEM32\kernel.appcore.dll
0x00007ffc884c0000 - 0x00007ffc884d0000 	C:\Program Files\OpenJDK\openjdk-11.0.16_8\bin\verify.dll
0x00007ffca57b0000 - 0x00007ffca5994000 	C:\WINDOWS\SYSTEM32\DBGHELP.DLL
0x00007ffc96520000 - 0x00007ffc96554000 	C:\WINDOWS\SYSTEM32\dbgcore.DLL
0x00007ffca83c0000 - 0x00007ffca8442000 	C:\WINDOWS\System32\bcryptPrimitives.dll
0x00007ffc633b0000 - 0x00007ffc633d8000 	C:\Program Files\OpenJDK\openjdk-11.0.16_8\bin\java.dll
0x00007ffc633a0000 - 0x00007ffc633aa000 	C:\Program Files\OpenJDK\openjdk-11.0.16_8\bin\jimage.dll
0x00007ffc63380000 - 0x00007ffc63398000 	C:\Program Files\OpenJDK\openjdk-11.0.16_8\bin\zip.dll

dbghelp: loaded successfully - version: 4.0.5 - missing functions: none
symbol engine: initialized successfully - sym options: 0x614 - pdb path: .;C:\Program Files\OpenJDK\openjdk-11.0.16_8\bin;C:\WINDOWS\SYSTEM32;C:\WINDOWS\WinSxS\amd64_microsoft.windows.common-controls_6595b64144ccf1df_6.0.19041.1110_none_60b5254171f9507e;C:\Program Files\OpenJDK\openjdk-11.0.16_8\bin\server

VM Arguments:
java_command: org.jetbrains.kotlin.cli.jvm.K2JVMCompiler @E:\Internee\react-native-intern-2023\node_modules\react-native-gesture-handler\android\build\20230726_12837579687872866305.compiler.options
java_class_path (initial): C:\Users\HP\.gradle\caches\modules-2\files-2.1\org.jetbrains.kotlin\kotlin-compiler-embeddable\1.6.21\97bdd5a752ce73b58ef16c17bc7f0ea2faff7a2e\kotlin-compiler-embeddable-1.6.21.jar;C:\Users\HP\.gradle\caches\modules-2\files-2.1\org.jetbrains.kotlin\kotlin-reflect\1.6.21\5dc3574d9b7bebfcb4ec6b10ada4aaa9e140bd0b\kotlin-reflect-1.6.21.jar;C:\Users\HP\.gradle\caches\modules-2\files-2.1\org.jetbrains.kotlin\kotlin-stdlib\1.6.21\11ef67f1900634fd951bad28c53ec957fabbe5b8\kotlin-stdlib-1.6.21.jar;C:\Users\HP\.gradle\caches\modules-2\files-2.1\org.jetbrains.kotlin\kotlin-script-runtime\1.6.21\99c6675100da5d6d5b1c5a1032f27f28008d101b\kotlin-script-runtime-1.6.21.jar;C:\Users\HP\.gradle\caches\modules-2\files-2.1\org.jetbrains.kotlin\kotlin-daemon-embeddable\1.6.21\46b78cf392e1c4f10854c3cadba44abb7b82250f\kotlin-daemon-embeddable-1.6.21.jar;C:\Users\HP\.gradle\caches\modules-2\files-2.1\org.jetbrains.intellij.deps\trove4j\1.0.20200330\3afb14d5f9ceb459d724e907a21145e8ff394f02\trove4j-1.0.20200330.jar;C:\Users\HP\.gradle\caches\modules-2\files-2.1\net.java.dev.jna\jna\5.6.0\330f2244e9030119ab3030fc3fededc86713d9cc\jna-5.6.0.jar;C:\Users\HP\.gradle\caches\modules-2\files-2.1\org.jetbrains.kotlin\kotlin-stdlib-common\1.6.21\5e5b55c26dbc80372a920aef60eb774b714559b8\kotlin-stdlib-common-1.6.21.jar;C:\Users\HP\.gradle\caches\modules-2\files-2.1\org.jetbrains\annotations\13.0\919f0dfe192fb4e063e7dacadee7f8bb9a2672a9\annotations-13.0.jar
Launcher Type: SUN_STANDARD

[Global flags]
     intx CICompilerCount                          = 3                                         {product} {ergonomic}
     uint ConcGCThreads                            = 1                                         {product} {ergonomic}
     uint G1ConcRefinementThreads                  = 4                                         {product} {ergonomic}
   size_t G1HeapRegionSize                         = 1048576                                   {product} {ergonomic}
    uintx GCDrainStackTargetSize                   = 64                                        {product} {ergonomic}
   size_t InitialHeapSize                          = 134217728                                 {product} {ergonomic}
   size_t MarkStackSize                            = 4194304                                   {product} {ergonomic}
   size_t MaxHeapSize                              = 2130706432                                {product} {ergonomic}
   size_t MinHeapDeltaBytes                        = 1048576                                   {product} {ergonomic}
    uintx NonNMethodCodeHeapSize                   = 5830732                                {pd product} {ergonomic}
    uintx NonProfiledCodeHeapSize                  = 122913754                              {pd product} {ergonomic}
    uintx ProfiledCodeHeapSize                     = 122913754                              {pd product} {ergonomic}
    uintx ReservedCodeCacheSize                    = 251658240                              {pd product} {ergonomic}
     bool SegmentedCodeCache                       = true                                      {product} {ergonomic}
     bool UseCompressedClassPointers               = true                                 {lp64_product} {ergonomic}
     bool UseCompressedOops                        = true                                 {lp64_product} {ergonomic}
     bool UseG1GC                                  = true                                      {product} {ergonomic}
     bool UseLargePagesIndividualAllocation        = false                                  {pd product} {ergonomic}

Logging:
Log output configuration:
 #0: stdout all=warning uptime,level,tags
 #1: stderr all=off uptime,level,tags

Environment Variables:
JAVA_HOME=C:\Program Files\OpenJDK\openjdk-11.0.16_8
CLASSPATH=E:\Internee\react-native-intern-2023\android\\gradle\wrapper\gradle-wrapper.jar
PATH=C:\Program Files\Python311\Scripts\;C:\Program Files\Python311\;C:\Python310\Scripts\;C:\Python310\;C:\WINDOWS\system32;C:\WINDOWS;C:\WINDOWS\System32\Wbem;C:\WINDOWS\System32\WindowsPowerShell\v1.0\;C:\WINDOWS\System32\OpenSSH\;C:\ProgramData\chocolatey\bin;C:\Program Files\OpenJDK\openjdk-11.0.16_8\bin;C:\Program Files\Git\cmd;C:\Users\HP\AppData\Local\Android\Sdk\tools;C:\Users\HP\AppData\Local\Android\Sdk\tools\bin;C:\Users\HP\AppData\Local\Android\Sdk\platform-tools;C:\Program Files\nodejs\;C:\Users\HP\AppData\Local\Microsoft\WindowsApps;C:\Users\HP\AppData\Local\Programs\Microsoft VS Code\bin;C:\Users\HP\AppData\Local\Android\Sdk\platform-tools;C:\Users\HP\AppData\Local\JetBrains\PyCharm 2022.3.1\bin;C:\Users\HP\AppData\Roaming\npm;C:\Users\HP\AppData\Local\Android\Sdk\platform-tools;C:\Users\HP\AppData\Local\Android\Sdk\tools;
USERNAME=HP
LANG=en_US.UTF-8
OS=Windows_NT
PROCESSOR_IDENTIFIER=Intel64 Family 6 Model 69 Stepping 1, GenuineIntel
TMP=C:\Users\HP\AppData\Local\Temp
TEMP=C:\Users\HP\AppData\Local\Temp



---------------  S Y S T E M  ---------------

OS: Windows 10 , 64 bit Build 19041 (10.0.19041.3155)
OS uptime: 0 days 0:26 hours

CPU:total 4 (initial active 4) (2 cores per cpu, 2 threads per core) family 6 model 69 stepping 1 microcode 0x25, cmov, cx8, fxsr, mmx, sse, sse2, sse3, ssse3, sse4.1, sse4.2, popcnt, avx, avx2, aes, clmul, erms, lzcnt, ht, tsc, tscinvbit, bmi1, bmi2, fma

Memory: 4k page, system-wide physical 8126M (1150M free)
TotalPageFile size 8705M (AvailPageFile size 38M)
current process WorkingSet (physical memory assigned to process): 9M, peak: 9M
current process commit charge ("private bytes"): 51M, peak: 179M

vm_info: OpenJDK 64-Bit Server VM (11.0.16+8) for windows-amd64 JRE (11.0.16+8), built on Jul 17 2022 01:33:05 by "tester" with MS VC++ 15.9 (VS2017)

END.
