#
# There is insufficient memory for the Java Runtime Environment to continue.
# Native memory allocation (mmap) failed to map 65536 bytes for Failed to commit metaspace.
# Possible reasons:
#   The system is out of physical RAM or swap space
#   The process is running with CompressedOops enabled, and the Java Heap may be blocking the growth of the native heap
# Possible solutions:
#   Reduce memory load on the system
#   Increase physical memory or swap space
#   Check if swap backing store is full
#   Decrease Java heap size (-Xmx/-Xms)
#   Decrease number of Java threads
#   Decrease Java thread stack sizes (-Xss)
#   Set larger code cache with -XX:ReservedCodeCacheSize=
#   JVM is running with Unscaled Compressed Oops mode in which the Java heap is
#     placed in the first 4GB address space. The Java Heap base address is the
#     maximum limit for the native heap growth. Please use -XX:HeapBaseMinAddress
#     to set the Java Heap base and to place the Java Heap above 4GB virtual address.
# This output file may be truncated or incomplete.
#
#  Out of Memory Error (virtualSpaceNode.cpp:110), pid=7644, tid=6760
#
# JRE version: OpenJDK Runtime Environment Temurin-17.0.7+7 (17.0.7+7) (build 17.0.7+7)
# Java VM: OpenJDK 64-Bit Server VM Temurin-17.0.7+7 (17.0.7+7, mixed mode, tiered, compressed oops, compressed class ptrs, parallel gc, windows-amd64)
# No core dump will be written. Minidumps are not enabled by default on client versions of Windows
#

---------------  S U M M A R Y ------------

Command Line: --add-modules=ALL-SYSTEM --add-opens=java.base/java.util=ALL-UNNAMED --add-opens=java.base/java.lang=ALL-UNNAMED --add-opens=java.base/sun.nio.fs=ALL-UNNAMED -Declipse.application=org.eclipse.jdt.ls.core.id1 -Dosgi.bundles.defaultStartLevel=4 -Declipse.product=org.eclipse.jdt.ls.core.product -Djava.import.generatesMetadataFilesAtProjectRoot=false -Dfile.encoding=utf8 -XX:+UseParallelGC -XX:GCTimeRatio=4 -XX:AdaptiveSizePolicyWeight=90 -Dsun.zip.disableMemoryMapping=true -Xmx1G -Xms100m -Xlog:disable -javaagent:c:\Users\HP\.vscode\extensions\redhat.java-1.20.0-win32-x64\lombok\lombok-1.18.28.jar c:\Users\HP\.vscode\extensions\redhat.java-1.20.0-win32-x64\server\plugins\org.eclipse.equinox.launcher_1.6.500.v20230622-2056.jar -configuration c:\Users\HP\AppData\Roaming\Code\User\globalStorage\redhat.java\1.20.0\config_ss_win -data c:\Users\HP\AppData\Roaming\Code\User\workspaceStorage\a2c8421fa50bc568793d9cde75a0b7c2\redhat.java\ss_ws

Host: Intel(R) Core(TM) i5-4210U CPU @ 1.70GHz, 4 cores, 7G,  Windows 10 , 64 bit Build 19041 (10.0.19041.3155)
Time: Wed Jul 26 16:40:38 2023 Pakistan Standard Time elapsed time: 4.169018 seconds (0d 0h 0m 4s)

---------------  T H R E A D  ---------------

Current thread (0x000001facb374970):  JavaThread "Start Level: Equinox Container: 71dc98c3-0b01-4d0d-83cd-2d2319074715" daemon [_thread_in_vm, id=6760, stack(0x000000bfab100000,0x000000bfab200000)]

Stack: [0x000000bfab100000,0x000000bfab200000]
Native frames: (J=compiled Java code, j=interpreted, Vv=VM code, C=native code)
V  [jvm.dll+0x67754a]
V  [jvm.dll+0x834304]
V  [jvm.dll+0x835aae]
V  [jvm.dll+0x836113]
V  [jvm.dll+0x24696f]
V  [jvm.dll+0x83039b]
V  [jvm.dll+0x61c006]
V  [jvm.dll+0x1c169e]
V  [jvm.dll+0x61e961]
V  [jvm.dll+0x61c9a6]
V  [jvm.dll+0x626887]
V  [jvm.dll+0x1eb47b]
V  [jvm.dll+0x1eb9b5]
V  [jvm.dll+0x1ec3ef]
V  [jvm.dll+0x1e1891]
V  [jvm.dll+0x53ea50]
V  [jvm.dll+0x7afc28]
V  [jvm.dll+0x7afd14]
V  [jvm.dll+0x40de05]
V  [jvm.dll+0x413f58]
C  [java.dll+0x17ec]

Java frames: (J=compiled Java code, j=interpreted, Vv=VM code)
J 1045  java.lang.ClassLoader.defineClass1(Ljava/lang/ClassLoader;Ljava/lang/String;[BIILjava/security/ProtectionDomain;Ljava/lang/String;)Ljava/lang/Class; java.base@17.0.7 (0 bytes) @ 0x000001fabbe9025b [0x000001fabbe901a0+0x00000000000000bb]
J 1629 c1 java.lang.ClassLoader.defineClass(Ljava/lang/String;[BIILjava/security/ProtectionDomain;)Ljava/lang/Class; java.base@17.0.7 (43 bytes) @ 0x000001fab4645e54 [0x000001fab4645b00+0x0000000000000354]
J 1970 c1 org.eclipse.osgi.internal.loader.ModuleClassLoader.defineClass(Ljava/lang/String;[BLorg/eclipse/osgi/internal/loader/classpath/ClasspathEntry;)Lorg/eclipse/osgi/internal/loader/ModuleClassLoader$DefineClassResult; (138 bytes) @ 0x000001fab471f09c [0x000001fab471ee40+0x000000000000025c]
J 1829 c1 org.eclipse.osgi.internal.loader.classpath.ClasspathManager.defineClass(Ljava/lang/String;[BLorg/eclipse/osgi/internal/loader/classpath/ClasspathEntry;Lorg/eclipse/osgi/storage/bundlefile/BundleEntry;Ljava/util/List;)Ljava/lang/Class; (636 bytes) @ 0x000001fab46befb4 [0x000001fab46bd5e0+0x00000000000019d4]
J 1674 c1 org.eclipse.osgi.internal.loader.classpath.ClasspathManager.findClassImpl(Ljava/lang/String;Lorg/eclipse/osgi/internal/loader/classpath/ClasspathEntry;Ljava/util/List;)Ljava/lang/Class; (308 bytes) @ 0x000001fab467234c [0x000001fab466f560+0x0000000000002dec]
J 1673 c1 org.eclipse.osgi.internal.loader.classpath.ClasspathManager.findLocalClassImpl(Ljava/lang/String;[Lorg/eclipse/osgi/internal/loader/classpath/ClasspathEntry;Ljava/util/List;)Ljava/lang/Class; (55 bytes) @ 0x000001fab466e9cc [0x000001fab466e840+0x000000000000018c]
J 1813 c1 org.eclipse.osgi.internal.loader.classpath.ClasspathManager.findLocalClassImpl(Ljava/lang/String;Ljava/util/List;)Ljava/lang/Class; (132 bytes) @ 0x000001fab46b8b54 [0x000001fab46b8640+0x0000000000000514]
J 1666 c1 org.eclipse.osgi.internal.loader.classpath.ClasspathManager.findLocalClass(Ljava/lang/String;)Ljava/lang/Class; (210 bytes) @ 0x000001fab46678bc [0x000001fab4666c20+0x0000000000000c9c]
J 1664 c1 org.eclipse.osgi.internal.loader.BundleLoader.findLocalClass(Ljava/lang/String;)Ljava/lang/Class; (152 bytes) @ 0x000001fab4664d6c [0x000001fab4664520+0x000000000000084c]
J 1596 c1 org.eclipse.osgi.internal.loader.BundleLoader.findClass0(Ljava/lang/String;ZZ)Ljava/lang/Class; (466 bytes) @ 0x000001fab4636294 [0x000001fab4633ba0+0x00000000000026f4]
J 1595 c1 org.eclipse.osgi.internal.loader.BundleLoader.findClass(Ljava/lang/String;)Ljava/lang/Class; (8 bytes) @ 0x000001fab463329c [0x000001fab4633220+0x000000000000007c]
J 1597 c1 org.eclipse.osgi.internal.loader.ModuleClassLoader.loadClass(Ljava/lang/String;Z)Ljava/lang/Class; (36 bytes) @ 0x000001fab46392bc [0x000001fab46390a0+0x000000000000021c]
J 790 c1 java.lang.ClassLoader.loadClass(Ljava/lang/String;)Ljava/lang/Class; java.base@17.0.7 (7 bytes) @ 0x000001fab44a5cbc [0x000001fab44a5bc0+0x00000000000000fc]
v  ~StubRoutines::call_stub
j  org.eclipse.core.internal.resources.Workspace.startup(Lorg/eclipse/core/runtime/IProgressMonitor;)V+198
j  org.eclipse.core.internal.resources.Workspace.open(Lorg/eclipse/core/runtime/IProgressMonitor;)Lorg/eclipse/core/runtime/IStatus;+136
j  org.eclipse.core.resources.ResourcesPlugin$WorkspaceInitCustomizer.addingService(Lorg/osgi/framework/ServiceReference;)Lorg/eclipse/core/internal/resources/Workspace;+45
j  org.eclipse.core.resources.ResourcesPlugin$WorkspaceInitCustomizer.addingService(Lorg/osgi/framework/ServiceReference;)Ljava/lang/Object;+5
j  org.osgi.util.tracker.ServiceTracker$Tracked.customizerAdding(Lorg/osgi/framework/ServiceReference;Lorg/osgi/framework/ServiceEvent;)Ljava/lang/Object;+8
j  org.osgi.util.tracker.ServiceTracker$Tracked.customizerAdding(Ljava/lang/Object;Ljava/lang/Object;)Ljava/lang/Object;+9
j  org.osgi.util.tracker.AbstractTracked.trackAdding(Ljava/lang/Object;Ljava/lang/Object;)V+8
j  org.osgi.util.tracker.AbstractTracked.trackInitial()V+90
j  org.osgi.util.tracker.ServiceTracker.open(Z)V+198
j  org.osgi.util.tracker.ServiceTracker.open()V+2
j  org.eclipse.core.resources.ResourcesPlugin.start(Lorg/osgi/framework/BundleContext;)V+106
j  org.eclipse.osgi.internal.framework.BundleContextImpl$2.run()Ljava/lang/Void;+23
j  org.eclipse.osgi.internal.framework.BundleContextImpl$2.run()Ljava/lang/Object;+1
J 1159 c1 java.security.AccessController.executePrivileged(Ljava/security/PrivilegedExceptionAction;Ljava/security/AccessControlContext;Ljava/lang/Class;)Ljava/lang/Object; java.base@17.0.7 (65 bytes) @ 0x000001fab456eeb4 [0x000001fab456ed60+0x0000000000000154]
j  java.security.AccessController.doPrivileged(Ljava/security/PrivilegedExceptionAction;)Ljava/lang/Object;+9 java.base@17.0.7
j  org.eclipse.osgi.internal.framework.BundleContextImpl.startActivator(Lorg/osgi/framework/BundleActivator;)V+9
j  org.eclipse.osgi.internal.framework.BundleContextImpl.start()V+134
j  org.eclipse.osgi.internal.framework.EquinoxBundle.startWorker0()V+35
j  org.eclipse.osgi.internal.framework.EquinoxBundle$EquinoxModule.startWorker()V+4
j  org.eclipse.osgi.container.Module.doStart([Lorg/eclipse/osgi/container/Module$StartOptions;)Lorg/eclipse/osgi/container/ModuleContainerAdaptor$ModuleEvent;+190
j  org.eclipse.osgi.container.Module.start([Lorg/eclipse/osgi/container/Module$StartOptions;)V+460
j  org.eclipse.osgi.framework.util.SecureAction.start(Lorg/eclipse/osgi/container/Module;[Lorg/eclipse/osgi/container/Module$StartOptions;)V+8
J 1757 c1 org.eclipse.osgi.internal.hooks.EclipseLazyStarter.postFindLocalClass(Ljava/lang/String;Ljava/lang/Class;Lorg/eclipse/osgi/internal/loader/classpath/ClasspathManager;)V (394 bytes) @ 0x000001fab469a35c [0x000001fab46993e0+0x0000000000000f7c]
J 1666 c1 org.eclipse.osgi.internal.loader.classpath.ClasspathManager.findLocalClass(Ljava/lang/String;)Ljava/lang/Class; (210 bytes) @ 0x000001fab4667bd4 [0x000001fab4666c20+0x0000000000000fb4]
J 1664 c1 org.eclipse.osgi.internal.loader.BundleLoader.findLocalClass(Ljava/lang/String;)Ljava/lang/Class; (152 bytes) @ 0x000001fab4664d6c [0x000001fab4664520+0x000000000000084c]
J 1596 c1 org.eclipse.osgi.internal.loader.BundleLoader.findClass0(Ljava/lang/String;ZZ)Ljava/lang/Class; (466 bytes) @ 0x000001fab4636294 [0x000001fab4633ba0+0x00000000000026f4]
J 1595 c1 org.eclipse.osgi.internal.loader.BundleLoader.findClass(Ljava/lang/String;)Ljava/lang/Class; (8 bytes) @ 0x000001fab463329c [0x000001fab4633220+0x000000000000007c]
J 1597 c1 org.eclipse.osgi.internal.loader.ModuleClassLoader.loadClass(Ljava/lang/String;Z)Ljava/lang/Class; (36 bytes) @ 0x000001fab46392bc [0x000001fab46390a0+0x000000000000021c]
J 790 c1 java.lang.ClassLoader.loadClass(Ljava/lang/String;)Ljava/lang/Class; java.base@17.0.7 (7 bytes) @ 0x000001fab44a5cbc [0x000001fab44a5bc0+0x00000000000000fc]
v  ~StubRoutines::call_stub
j  java.lang.Class.getDeclaredConstructors0(Z)[Ljava/lang/reflect/Constructor;+0 java.base@17.0.7
j  java.lang.Class.privateGetDeclaredConstructors(Z)[Ljava/lang/reflect/Constructor;+52 java.base@17.0.7
j  java.lang.Class.getConstructor0([Ljava/lang/Class;I)Ljava/lang/reflect/Constructor;+14 java.base@17.0.7
j  java.lang.Class.getConstructor([Ljava/lang/Class;)Ljava/lang/reflect/Constructor;+24 java.base@17.0.7
j  org.eclipse.osgi.internal.framework.BundleContextImpl.loadBundleActivator()Lorg/osgi/framework/BundleActivator;+105
j  org.eclipse.osgi.internal.framework.BundleContextImpl.start()V+18
j  org.eclipse.osgi.internal.framework.EquinoxBundle.startWorker0()V+35
j  org.eclipse.osgi.internal.framework.EquinoxBundle$EquinoxModule.startWorker()V+4
j  org.eclipse.osgi.container.Module.doStart([Lorg/eclipse/osgi/container/Module$StartOptions;)Lorg/eclipse/osgi/container/ModuleContainerAdaptor$ModuleEvent;+190
j  org.eclipse.osgi.container.Module.start([Lorg/eclipse/osgi/container/Module$StartOptions;)V+460
j  org.eclipse.osgi.container.ModuleContainer$ContainerStartLevel$2.run()V+71
j  org.eclipse.osgi.internal.framework.EquinoxContainerAdaptor$1$1.execute(Ljava/lang/Runnable;)V+1
j  org.eclipse.osgi.container.ModuleContainer$ContainerStartLevel.incStartLevel(ILjava/util/List;Z)V+192
j  org.eclipse.osgi.container.ModuleContainer$ContainerStartLevel.incStartLevel(ILjava/util/List;Ljava/util/List;Ljava/util/List;Ljava/util/List;)V+19
j  org.eclipse.osgi.container.ModuleContainer$ContainerStartLevel.doContainerStartLevel(Lorg/eclipse/osgi/container/Module;I[Lorg/osgi/framework/FrameworkListener;)V+349
j  org.eclipse.osgi.container.ModuleContainer$ContainerStartLevel.dispatchEvent(Lorg/eclipse/osgi/container/Module;[Lorg/osgi/framework/FrameworkListener;ILjava/lang/Integer;)V+32
j  org.eclipse.osgi.container.ModuleContainer$ContainerStartLevel.dispatchEvent(Ljava/lang/Object;Ljava/lang/Object;ILjava/lang/Object;)V+15
j  org.eclipse.osgi.framework.eventmgr.EventManager.dispatchEvent(Ljava/util/Set;Lorg/eclipse/osgi/framework/eventmgr/EventDispatcher;ILjava/lang/Object;)V+48
j  org.eclipse.osgi.framework.eventmgr.EventManager$EventThread.run()V+26
v  ~StubRoutines::call_stub

---------------  P R O C E S S  ---------------

Threads class SMR info:
_java_thread_list=0x000001facb4eaa20, length=18, elements={
0x000001fab16ca630, 0x000001fac54e8760, 0x000001fac54ebad0, 0x000001fac5535530,
0x000001fac55362b0, 0x000001fac5537030, 0x000001fac553aa70, 0x000001fac553b660,
0x000001faca69ff70, 0x000001faca6a2c30, 0x000001faca729260, 0x000001faca97d870,
0x000001facb14e240, 0x000001facb3cd510, 0x000001facb374970, 0x000001facb2d3920,
0x000001facb3d42e0, 0x000001facb4a4320
}

Java Threads: ( => current thread )
  0x000001fab16ca630 JavaThread "main" [_thread_in_vm, id=4496, stack(0x000000bfa9c00000,0x000000bfa9d00000)]
  0x000001fac54e8760 JavaThread "Reference Handler" daemon [_thread_blocked, id=6544, stack(0x000000bfa9f00000,0x000000bfaa000000)]
  0x000001fac54ebad0 JavaThread "Finalizer" daemon [_thread_blocked, id=11592, stack(0x000000bfaa000000,0x000000bfaa100000)]
  0x000001fac5535530 JavaThread "Signal Dispatcher" daemon [_thread_blocked, id=13868, stack(0x000000bfaa100000,0x000000bfaa200000)]
  0x000001fac55362b0 JavaThread "Attach Listener" daemon [_thread_blocked, id=10728, stack(0x000000bfaa200000,0x000000bfaa300000)]
  0x000001fac5537030 JavaThread "Service Thread" daemon [_thread_blocked, id=6292, stack(0x000000bfaa300000,0x000000bfaa400000)]
  0x000001fac553aa70 JavaThread "Monitor Deflation Thread" daemon [_thread_blocked, id=1552, stack(0x000000bfaa400000,0x000000bfaa500000)]
  0x000001fac553b660 JavaThread "C2 CompilerThread0" daemon [_thread_blocked, id=2948, stack(0x000000bfaa500000,0x000000bfaa600000)]
  0x000001faca69ff70 JavaThread "C1 CompilerThread0" daemon [_thread_blocked, id=10472, stack(0x000000bfaa600000,0x000000bfaa700000)]
  0x000001faca6a2c30 JavaThread "Sweeper thread" daemon [_thread_blocked, id=4176, stack(0x000000bfaa700000,0x000000bfaa800000)]
  0x000001faca729260 JavaThread "Common-Cleaner" daemon [_thread_blocked, id=9712, stack(0x000000bfaa800000,0x000000bfaa900000)]
  0x000001faca97d870 JavaThread "Notification Thread" daemon [_thread_blocked, id=5936, stack(0x000000bfaa900000,0x000000bfaaa00000)]
  0x000001facb14e240 JavaThread "Active Thread: Equinox Container: 71dc98c3-0b01-4d0d-83cd-2d2319074715" [_thread_blocked, id=11560, stack(0x000000bfaaf00000,0x000000bfab000000)]
  0x000001facb3cd510 JavaThread "Framework Event Dispatcher: Equinox Container: 71dc98c3-0b01-4d0d-83cd-2d2319074715" daemon [_thread_blocked, id=11540, stack(0x000000bfab000000,0x000000bfab100000)]
=>0x000001facb374970 JavaThread "Start Level: Equinox Container: 71dc98c3-0b01-4d0d-83cd-2d2319074715" daemon [_thread_in_vm, id=6760, stack(0x000000bfab100000,0x000000bfab200000)]
  0x000001facb2d3920 JavaThread "SCR Component Actor" daemon [_thread_blocked, id=1192, stack(0x000000bfab200000,0x000000bfab300000)]
  0x000001facb3d42e0 JavaThread "SCR Component Registry" daemon [_thread_blocked, id=12100, stack(0x000000bfaae00000,0x000000bfaaf00000)]
  0x000001facb4a4320 JavaThread "Worker-JM" [_thread_blocked, id=5276, stack(0x000000bfab300000,0x000000bfab400000)]

Other Threads:
  0x000001fac5405390 VMThread "VM Thread" [stack: 0x000000bfa9e00000,0x000000bfa9f00000] [id=9940]
  0x000001faca918920 WatcherThread [stack: 0x000000bfaaa00000,0x000000bfaab00000] [id=11096]
  0x000001fab16e0db0 GCTaskThread "GC Thread#0" [stack: 0x000000bfa9d00000,0x000000bfa9e00000] [id=604]
  0x000001facadc95e0 GCTaskThread "GC Thread#1" [stack: 0x000000bfaab00000,0x000000bfaac00000] [id=10004]
  0x000001facadc9890 GCTaskThread "GC Thread#2" [stack: 0x000000bfaac00000,0x000000bfaad00000] [id=5288]
  0x000001facac03f60 GCTaskThread "GC Thread#3" [stack: 0x000000bfaad00000,0x000000bfaae00000] [id=9128]

Threads with active compile tasks:

VM state: not at safepoint (normal execution)

VM Mutex/Monitor currently owned by a thread:  ([mutex/lock_event])
[0x000001fab16c52c0] Metaspace_lock - owner thread: 0x000001facb374970

Heap address: 0x00000000c0000000, size: 1024 MB, Compressed Oops mode: 32-bit

CDS archive(s) not mapped
Compressed class space mapped at: 0x0000000100000000-0x0000000140000000, reserved size: 1073741824
Narrow klass base: 0x0000000000000000, Narrow klass shift: 3, Narrow klass range: 0x140000000

GC Precious Log:
 CPUs: 4 total, 4 available
 Memory: 8126M
 Large Page Support: Disabled
 NUMA Support: Disabled
 Compressed Oops: Enabled (32-bit)
 Alignments: Space 512K, Generation 512K, Heap 2M
 Heap Min Capacity: 100M
 Heap Initial Capacity: 100M
 Heap Max Capacity: 1G
 Pre-touch: Disabled
 Parallel Workers: 4

Heap:
 PSYoungGen      total 29696K, used 27010K [0x00000000eab00000, 0x00000000ecc00000, 0x0000000100000000)
  eden space 25600K, 89% used [0x00000000eab00000,0x00000000ec162898,0x00000000ec400000)
  from space 4096K, 99% used [0x00000000ec800000,0x00000000ecbfe088,0x00000000ecc00000)
  to   space 4096K, 0% used [0x00000000ec400000,0x00000000ec400000,0x00000000ec800000)
 ParOldGen       total 68608K, used 784K [0x00000000c0000000, 0x00000000c4300000, 0x00000000eab00000)
  object space 68608K, 1% used [0x00000000c0000000,0x00000000c00c4360,0x00000000c4300000)
 Metaspace       used 19929K, committed 20288K, reserved 1114112K
  class space    used 2047K, committed 2240K, reserved 1048576K

Card table byte_map: [0x000001fab1080000,0x000001fab1290000] _byte_map_base: 0x000001fab0a80000

Marking Bits: (ParMarkBitMap*) 0x00007ffa1f7452c0
 Begin Bits: [0x000001fac3360000, 0x000001fac4360000)
 End Bits:   [0x000001fac4360000, 0x000001fac5360000)

Polling page: 0x000001faaf5a0000

Metaspace:

Usage:
  Non-class:     17.46 MB used.
      Class:      2.00 MB used.
       Both:     19.46 MB used.

Virtual space:
  Non-class space:       64.00 MB reserved,      17.62 MB ( 28%) committed,  1 nodes.
      Class space:        1.00 GB reserved,       2.19 MB ( <1%) committed,  1 nodes.
             Both:        1.06 GB reserved,      19.81 MB (  2%) committed. 

Chunk freelists:
   Non-Class:  13.61 MB
       Class:  13.84 MB
        Both:  27.45 MB

MaxMetaspaceSize: unlimited
CompressedClassSpaceSize: 1.00 GB
Initial GC threshold: 21.00 MB
Current GC threshold: 21.00 MB
CDS: off
MetaspaceReclaimPolicy: balanced
 - commit_granule_bytes: 65536.
 - commit_granule_words: 8192.
 - virtual_space_node_default_size: 8388608.
 - enlarge_chunks_in_place: 1.
 - new_chunks_are_fully_committed: 0.
 - uncommit_free_chunks: 1.
 - use_allocation_guard: 0.
 - handle_deallocations: 1.


Internal statistics:

num_allocs_failed_limit: 0.
num_arena_births: 156.
num_arena_deaths: 0.
num_vsnodes_births: 2.
num_vsnodes_deaths: 0.
num_space_committed: 317.
num_space_uncommitted: 0.
num_chunks_returned_to_freelist: 0.
num_chunks_taken_from_freelist: 572.
num_chunk_merges: 0.
num_chunk_splits: 378.
num_chunks_enlarged: 266.
num_inconsistent_stats: 0.

CodeHeap 'non-profiled nmethods': size=120000Kb used=751Kb max_used=751Kb free=119248Kb
 bounds [0x000001fabbe30000, 0x000001fabc0a0000, 0x000001fac3360000]
CodeHeap 'profiled nmethods': size=120000Kb used=3843Kb max_used=3843Kb free=116157Kb
 bounds [0x000001fab4360000, 0x000001fab4730000, 0x000001fabb890000]
CodeHeap 'non-nmethods': size=5760Kb used=1177Kb max_used=1194Kb free=4582Kb
 bounds [0x000001fabb890000, 0x000001fabbb00000, 0x000001fabbe30000]
 total_blobs=2451 nmethods=1971 adapters=394
 compilation: enabled
              stopped_count=0, restarted_count=0
 full_count=0

Compilation events (20 events):
Event: 4.136 Thread 0x000001faca69ff70 1961  s    3       org.eclipse.core.internal.registry.RegistryObjectManager::getObject (7 bytes)
Event: 4.136 Thread 0x000001faca69ff70 nmethod 1961 0x000001fab4711810 code [0x000001fab47119c0, 0x000001fab4711ba8]
Event: 4.136 Thread 0x000001faca69ff70 1962       3       org.eclipse.core.internal.registry.RegistryObjectManager::basicGetObject (52 bytes)
Event: 4.137 Thread 0x000001faca69ff70 nmethod 1962 0x000001fab4711c90 code [0x000001fab4711e80, 0x000001fab4712238]
Event: 4.137 Thread 0x000001faca69ff70 1963       1       org.eclipse.core.internal.registry.ConfigurationElement::getName (5 bytes)
Event: 4.137 Thread 0x000001faca69ff70 nmethod 1963 0x000001fabbeeb990 code [0x000001fabbeebb20, 0x000001fabbeebbf8]
Event: 4.138 Thread 0x000001faca69ff70 1964       3       org.eclipse.osgi.container.Module::getContainer (8 bytes)
Event: 4.138 Thread 0x000001faca69ff70 nmethod 1964 0x000001fab4712410 code [0x000001fab47125a0, 0x000001fab47126d8]
Event: 4.145 Thread 0x000001faca69ff70 1965   !   3       org.eclipse.osgi.container.Module::start (655 bytes)
Event: 4.156 Thread 0x000001faca69ff70 nmethod 1965 0x000001fab4712790 code [0x000001fab4713260, 0x000001fab4718b08]
Event: 4.156 Thread 0x000001faca69ff70 1967   !   3       org.eclipse.osgi.storage.StorageUtil::getBytes (169 bytes)
Event: 4.157 Thread 0x000001faca69ff70 nmethod 1967 0x000001fab471b490 code [0x000001fab471b6e0, 0x000001fab471c398]
Event: 4.157 Thread 0x000001faca69ff70 1966   !   3       org.eclipse.osgi.framework.util.SecureAction::start (61 bytes)
Event: 4.157 Thread 0x000001faca69ff70 nmethod 1966 0x000001fab471c890 code [0x000001fab471cac0, 0x000001fab471d418]
Event: 4.158 Thread 0x000001faca69ff70 1969       3       org.eclipse.osgi.internal.loader.classpath.ClasspathManager::definePackage (162 bytes)
Event: 4.159 Thread 0x000001faca69ff70 nmethod 1969 0x000001fab471d710 code [0x000001fab471d9a0, 0x000001fab471e518]
Event: 4.159 Thread 0x000001faca69ff70 1970   !   3       org.eclipse.osgi.internal.loader.ModuleClassLoader::defineClass (138 bytes)
Event: 4.161 Thread 0x000001faca69ff70 nmethod 1970 0x000001fab471eb90 code [0x000001fab471ee40, 0x000001fab471fbc8]
Event: 4.162 Thread 0x000001faca69ff70 1971       3       java.util.ArrayDeque::contains (80 bytes)
Event: 4.162 Thread 0x000001faca69ff70 nmethod 1971 0x000001fab4720390 code [0x000001fab4720560, 0x000001fab4720a08]

GC Heap History (4 events):
Event: 2.418 GC heap before
{Heap before GC invocations=1 (full 0):
 PSYoungGen      total 29696K, used 25600K [0x00000000eab00000, 0x00000000ecc00000, 0x0000000100000000)
  eden space 25600K, 100% used [0x00000000eab00000,0x00000000ec400000,0x00000000ec400000)
  from space 4096K, 0% used [0x00000000ec800000,0x00000000ec800000,0x00000000ecc00000)
  to   space 4096K, 0% used [0x00000000ec400000,0x00000000ec400000,0x00000000ec800000)
 ParOldGen       total 68608K, used 0K [0x00000000c0000000, 0x00000000c4300000, 0x00000000eab00000)
  object space 68608K, 0% used [0x00000000c0000000,0x00000000c0000000,0x00000000c4300000)
 Metaspace       used 11224K, committed 11392K, reserved 1114112K
  class space    used 1124K, committed 1216K, reserved 1048576K
}
Event: 2.430 GC heap after
{Heap after GC invocations=1 (full 0):
 PSYoungGen      total 29696K, used 3176K [0x00000000eab00000, 0x00000000ecc00000, 0x0000000100000000)
  eden space 25600K, 0% used [0x00000000eab00000,0x00000000eab00000,0x00000000ec400000)
  from space 4096K, 77% used [0x00000000ec400000,0x00000000ec71a3a8,0x00000000ec800000)
  to   space 4096K, 0% used [0x00000000ec800000,0x00000000ec800000,0x00000000ecc00000)
 ParOldGen       total 68608K, used 16K [0x00000000c0000000, 0x00000000c4300000, 0x00000000eab00000)
  object space 68608K, 0% used [0x00000000c0000000,0x00000000c0004000,0x00000000c4300000)
 Metaspace       used 11224K, committed 11392K, reserved 1114112K
  class space    used 1124K, committed 1216K, reserved 1048576K
}
Event: 3.505 GC heap before
{Heap before GC invocations=2 (full 0):
 PSYoungGen      total 29696K, used 28776K [0x00000000eab00000, 0x00000000ecc00000, 0x0000000100000000)
  eden space 25600K, 100% used [0x00000000eab00000,0x00000000ec400000,0x00000000ec400000)
  from space 4096K, 77% used [0x00000000ec400000,0x00000000ec71a3a8,0x00000000ec800000)
  to   space 4096K, 0% used [0x00000000ec800000,0x00000000ec800000,0x00000000ecc00000)
 ParOldGen       total 68608K, used 16K [0x00000000c0000000, 0x00000000c4300000, 0x00000000eab00000)
  object space 68608K, 0% used [0x00000000c0000000,0x00000000c0004000,0x00000000c4300000)
 Metaspace       used 15450K, committed 15744K, reserved 1114112K
  class space    used 1580K, committed 1728K, reserved 1048576K
}
Event: 3.512 GC heap after
{Heap after GC invocations=2 (full 0):
 PSYoungGen      total 29696K, used 4088K [0x00000000eab00000, 0x00000000ecc00000, 0x0000000100000000)
  eden space 25600K, 0% used [0x00000000eab00000,0x00000000eab00000,0x00000000ec400000)
  from space 4096K, 99% used [0x00000000ec800000,0x00000000ecbfe088,0x00000000ecc00000)
  to   space 4096K, 0% used [0x00000000ec400000,0x00000000ec400000,0x00000000ec800000)
 ParOldGen       total 68608K, used 784K [0x00000000c0000000, 0x00000000c4300000, 0x00000000eab00000)
  object space 68608K, 1% used [0x00000000c0000000,0x00000000c00c4360,0x00000000c4300000)
 Metaspace       used 15450K, committed 15744K, reserved 1114112K
  class space    used 1580K, committed 1728K, reserved 1048576K
}

Dll operation events (11 events):
Event: 0.035 Loaded shared library c:\Users\HP\.vscode\extensions\redhat.java-1.20.0-win32-x64\jre\17.0.7-win32-x86_64\bin\java.dll
Event: 0.605 Loaded shared library c:\Users\HP\.vscode\extensions\redhat.java-1.20.0-win32-x64\jre\17.0.7-win32-x86_64\bin\zip.dll
Event: 0.633 Loaded shared library C:\Users\HP\.vscode\extensions\redhat.java-1.20.0-win32-x64\jre\17.0.7-win32-x86_64\bin\instrument.dll
Event: 0.699 Loaded shared library C:\Users\HP\.vscode\extensions\redhat.java-1.20.0-win32-x64\jre\17.0.7-win32-x86_64\bin\net.dll
Event: 0.702 Loaded shared library C:\Users\HP\.vscode\extensions\redhat.java-1.20.0-win32-x64\jre\17.0.7-win32-x86_64\bin\nio.dll
Event: 0.723 Loaded shared library C:\Users\HP\.vscode\extensions\redhat.java-1.20.0-win32-x64\jre\17.0.7-win32-x86_64\bin\zip.dll
Event: 0.762 Loaded shared library C:\Users\HP\.vscode\extensions\redhat.java-1.20.0-win32-x64\jre\17.0.7-win32-x86_64\bin\jimage.dll
Event: 0.914 Loaded shared library c:\Users\HP\.vscode\extensions\redhat.java-1.20.0-win32-x64\jre\17.0.7-win32-x86_64\bin\verify.dll
Event: 3.263 Loaded shared library C:\Users\HP\AppData\Roaming\Code\User\globalStorage\redhat.java\1.20.0\config_ss_win\org.eclipse.equinox.launcher\org.eclipse.equinox.launcher.win32.win32.x86_64_1.2.700.v20221108-1024\eclipse_11801.dll
Event: 4.051 Loaded shared library C:\Users\HP\.vscode\extensions\redhat.java-1.20.0-win32-x64\jre\17.0.7-win32-x86_64\bin\management.dll
Event: 4.057 Loaded shared library C:\Users\HP\.vscode\extensions\redhat.java-1.20.0-win32-x64\jre\17.0.7-win32-x86_64\bin\management_ext.dll

Deoptimization events (20 events):
Event: 3.827 Thread 0x000001facb374970 Uncommon trap: trap_request=0xffffffc6 fr.pc=0x000001fabbed50cc relative=0x0000000000000d0c
Event: 3.827 Thread 0x000001facb374970 Uncommon trap: reason=bimorphic_or_optimized_type_check action=maybe_recompile pc=0x000001fabbed50cc method=java.io.DataInputStream.readInt()I @ 4 c2
Event: 3.827 Thread 0x000001facb374970 DEOPT PACKING pc=0x000001fabbed50cc sp=0x000000bfab1f8620
Event: 3.827 Thread 0x000001facb374970 DEOPT UNPACKING pc=0x000001fabb8e66a3 sp=0x000000bfab1f85d0 mode 2
Event: 3.827 Thread 0x000001facb374970 Uncommon trap: trap_request=0xffffffc6 fr.pc=0x000001fabbed50cc relative=0x0000000000000d0c
Event: 3.827 Thread 0x000001facb374970 Uncommon trap: reason=bimorphic_or_optimized_type_check action=maybe_recompile pc=0x000001fabbed50cc method=java.io.DataInputStream.readInt()I @ 4 c2
Event: 3.827 Thread 0x000001facb374970 DEOPT PACKING pc=0x000001fabbed50cc sp=0x000000bfab1f85b0
Event: 3.827 Thread 0x000001facb374970 DEOPT UNPACKING pc=0x000001fabb8e66a3 sp=0x000000bfab1f8560 mode 2
Event: 3.964 Thread 0x000001facb374970 Uncommon trap: trap_request=0xffffff45 fr.pc=0x000001fabbe63838 relative=0x0000000000000b98
Event: 3.964 Thread 0x000001facb374970 Uncommon trap: reason=unstable_if action=reinterpret pc=0x000001fabbe63838 method=lombok.patcher.PatchScript.classMatches(Ljava/lang/String;Ljava/util/Collection;)Z @ 25 c2
Event: 3.964 Thread 0x000001facb374970 DEOPT PACKING pc=0x000001fabbe63838 sp=0x000000bfab1f6ae0
Event: 3.964 Thread 0x000001facb374970 DEOPT UNPACKING pc=0x000001fabb8e66a3 sp=0x000000bfab1f6aa0 mode 2
Event: 4.067 Thread 0x000001facb374970 Uncommon trap: trap_request=0xffffff45 fr.pc=0x000001fabbead4d4 relative=0x0000000000000994
Event: 4.067 Thread 0x000001facb374970 Uncommon trap: reason=unstable_if action=reinterpret pc=0x000001fabbead4d4 method=java.util.HashMap.putVal(ILjava/lang/Object;Ljava/lang/Object;ZZ)Ljava/lang/Object; @ 236 c2
Event: 4.067 Thread 0x000001facb374970 DEOPT PACKING pc=0x000001fabbead4d4 sp=0x000000bfab1f8c00
Event: 4.067 Thread 0x000001facb374970 DEOPT UNPACKING pc=0x000001fabb8e66a3 sp=0x000000bfab1f8b88 mode 2
Event: 4.088 Thread 0x000001facb374970 Uncommon trap: trap_request=0xffffff45 fr.pc=0x000001fabbee4220 relative=0x0000000000000e80
Event: 4.088 Thread 0x000001facb374970 Uncommon trap: reason=unstable_if action=reinterpret pc=0x000001fabbee4220 method=java.util.Properties.loadConvert([CIILjava/lang/StringBuilder;)Ljava/lang/String; @ 491 c2
Event: 4.088 Thread 0x000001facb374970 DEOPT PACKING pc=0x000001fabbee4220 sp=0x000000bfab1f78a0
Event: 4.088 Thread 0x000001facb374970 DEOPT UNPACKING pc=0x000001fabb8e66a3 sp=0x000000bfab1f7880 mode 2

Classes unloaded (0 events):
No events

Classes redefined (0 events):
No events

Internal exceptions (20 events):
Event: 2.873 Thread 0x000001fab16ca630 Exception <a 'java/lang/NoSuchMethodError'{0x00000000eb6d41c0}: 'java.lang.Object java.lang.invoke.DirectMethodHandle$Holder.newInvokeSpecial(java.lang.Object, int, java.lang.Object)'> (0x00000000eb6d41c0) 
thrown [s\src\hotspot\share\interpreter\linkResolver.cpp, line 759]
Event: 3.187 Thread 0x000001fab16ca630 Exception <a 'java/lang/UnsatisfiedLinkError'{0x00000000ebc032e8}: 'void org.eclipse.equinox.launcher.JNIBridge._update_splash()'> (0x00000000ebc032e8) 
thrown [s\src\hotspot\share\prims\nativeLookup.cpp, line 543]
Event: 3.341 Thread 0x000001facb374970 Exception <a 'java/lang/NoSuchMethodError'{0x00000000ebeef490}: 'java.lang.Object java.lang.invoke.DirectMethodHandle$Holder.invokeStaticInit(java.lang.Object)'> (0x00000000ebeef490) 
thrown [s\src\hotspot\share\interpreter\linkResolver.cpp, line 759]
Event: 3.681 Thread 0x000001facb374970 Exception <a 'java/io/FileNotFoundException'{0x00000000eb1e46f8}> (0x00000000eb1e46f8) 
thrown [s\src\hotspot\share\prims\jni.cpp, line 516]
Event: 3.695 Thread 0x000001facb374970 Exception <a 'java/lang/NullPointerException'{0x00000000eb236990}> (0x00000000eb236990) 
thrown [s\src\hotspot\share\interpreter\linkResolver.cpp, line 1350]
Event: 3.695 Thread 0x000001facb374970 Exception <a 'java/lang/NullPointerException'{0x00000000eb2371b8}> (0x00000000eb2371b8) 
thrown [s\src\hotspot\share\interpreter\linkResolver.cpp, line 1350]
Event: 3.736 Thread 0x000001facb374970 Exception <a 'java/lang/NoSuchMethodError'{0x00000000eb35f860}: 'java.lang.Object java.lang.invoke.Invokers$Holder.invokeExact_MT(java.lang.Object, java.lang.Object, java.lang.Object, java.lang.Object, java.lang.Object, java.lang.Object)'> (0x00000000eb35f860) 
thrown [s\src\hotspot\share\interpreter\linkResolver.cpp, line 759]
Event: 3.865 Thread 0x000001facb374970 Exception <a 'java/lang/NoSuchMethodError'{0x00000000eb7d68c8}: 'void java.lang.invoke.DirectMethodHandle$Holder.invokeInterface(java.lang.Object, java.lang.Object, java.lang.Object)'> (0x00000000eb7d68c8) 
thrown [s\src\hotspot\share\interpreter\linkResolver.cpp, line 759]
Event: 3.982 Thread 0x000001facb374970 Exception <a 'java/lang/NoSuchMethodError'{0x00000000ebbd8a80}: 'java.lang.Object java.lang.invoke.DirectMethodHandle$Holder.invokeStatic(java.lang.Object, java.lang.Object, int)'> (0x00000000ebbd8a80) 
thrown [s\src\hotspot\share\interpreter\linkResolver.cpp, line 759]
Event: 3.983 Thread 0x000001facb374970 Exception <a 'java/lang/NoSuchMethodError'{0x00000000ebbdd630}: 'void java.lang.invoke.DirectMethodHandle$Holder.invokeStatic(java.lang.Object, java.lang.Object, int, java.lang.Object)'> (0x00000000ebbdd630) 
thrown [s\src\hotspot\share\interpreter\linkResolver.cpp, line 759]
Event: 3.984 Thread 0x000001facb374970 Exception <a 'java/lang/NoSuchMethodError'{0x00000000ebbe4d60}: 'void java.lang.invoke.DelegatingMethodHandle$Holder.delegate(java.lang.Object, java.lang.Object, int, java.lang.Object)'> (0x00000000ebbe4d60) 
thrown [s\src\hotspot\share\interpreter\linkResolver.cpp, line 759]
Event: 3.985 Thread 0x000001facb374970 Exception <a 'java/lang/NoSuchMethodError'{0x00000000ebbe9148}: 'int java.lang.invoke.DirectMethodHandle$Holder.invokeSpecial(java.lang.Object, java.lang.Object, java.lang.Object)'> (0x00000000ebbe9148) 
thrown [s\src\hotspot\share\interpreter\linkResolver.cpp, line 759]
Event: 3.987 Thread 0x000001facb374970 Exception <a 'java/lang/NoSuchMethodError'{0x00000000ebbfaae8}: 'int java.lang.invoke.DirectMethodHandle$Holder.invokeStatic(java.lang.Object, java.lang.Object, int)'> (0x00000000ebbfaae8) 
thrown [s\src\hotspot\share\interpreter\linkResolver.cpp, line 759]
Event: 3.988 Thread 0x000001facb374970 Exception <a 'java/lang/NoSuchMethodError'{0x00000000ebbfeb10}: 'int java.lang.invoke.DirectMethodHandle$Holder.invokeSpecial(java.lang.Object, java.lang.Object, java.lang.Object, int)'> (0x00000000ebbfeb10) 
thrown [s\src\hotspot\share\interpreter\linkResolver.cpp, line 759]
Event: 3.991 Thread 0x000001facb374970 Exception <a 'java/lang/NoSuchMethodError'{0x00000000ebc1a710}: 'java.lang.Object java.lang.invoke.DirectMethodHandle$Holder.invokeStatic(java.lang.Object, java.lang.Object, java.lang.Object, java.lang.Object, int)'> (0x00000000ebc1a710) 
thrown [s\src\hotspot\share\interpreter\linkResolver.cpp, line 759]
Event: 3.993 Thread 0x000001facb374970 Exception <a 'java/lang/NoSuchMethodError'{0x00000000ebc26708}: 'java.lang.Object java.lang.invoke.DelegatingMethodHandle$Holder.reinvoke_L(java.lang.Object, java.lang.Object, java.lang.Object, java.lang.Object, int, int)'> (0x00000000ebc26708) 
thrown [s\src\hotspot\share\interpreter\linkResolver.cpp, line 759]
Event: 3.997 Thread 0x000001facb374970 Exception <a 'java/lang/NoSuchMethodError'{0x00000000ebc3e9e0}: 'java.lang.Object java.lang.invoke.Invokers$Holder.invokeExact_MT(java.lang.Object, java.lang.Object, java.lang.Object, java.lang.Object)'> (0x00000000ebc3e9e0) 
thrown [s\src\hotspot\share\interpreter\linkResolver.cpp, line 759]
Event: 4.042 Thread 0x000001facb374970 Exception <a 'java/io/FileNotFoundException'{0x00000000ebd3d5c0}> (0x00000000ebd3d5c0) 
thrown [s\src\hotspot\share\prims\jni.cpp, line 516]
Event: 4.046 Thread 0x000001facb374970 Exception <a 'java/io/FileNotFoundException'{0x00000000ebd55d68}> (0x00000000ebd55d68) 
thrown [s\src\hotspot\share\prims\jni.cpp, line 516]
Event: 4.155 Thread 0x000001facb374970 Exception <a 'java/lang/NoSuchMethodError'{0x00000000ec108388}: 'java.lang.Object java.lang.invoke.DirectMethodHandle$Holder.newInvokeSpecial(java.lang.Object, java.lang.Object, java.lang.Object, java.lang.Object, java.lang.Object)'> (0x00000000ec108388) 
thrown [s\src\hotspot\share\interpreter\linkResolver.cpp, line 759]

VM Operations (20 events):
Event: 1.541 Executing VM operation: HandshakeAllThreads
Event: 1.541 Executing VM operation: HandshakeAllThreads done
Event: 2.418 Executing VM operation: ParallelGCFailedAllocation
Event: 2.430 Executing VM operation: ParallelGCFailedAllocation done
Event: 2.825 Executing VM operation: HandshakeAllThreads
Event: 2.825 Executing VM operation: HandshakeAllThreads done
Event: 2.826 Executing VM operation: HandshakeAllThreads
Event: 2.826 Executing VM operation: HandshakeAllThreads done
Event: 2.838 Executing VM operation: HandshakeAllThreads
Event: 2.838 Executing VM operation: HandshakeAllThreads done
Event: 2.865 Executing VM operation: HandshakeAllThreads
Event: 2.865 Executing VM operation: HandshakeAllThreads done
Event: 3.370 Executing VM operation: HandshakeAllThreads
Event: 3.370 Executing VM operation: HandshakeAllThreads done
Event: 3.504 Executing VM operation: ParallelGCFailedAllocation
Event: 3.512 Executing VM operation: ParallelGCFailedAllocation done
Event: 3.828 Executing VM operation: HandshakeAllThreads
Event: 3.828 Executing VM operation: HandshakeAllThreads done
Event: 3.982 Executing VM operation: HandshakeAllThreads
Event: 3.982 Executing VM operation: HandshakeAllThreads done

Events (20 events):
Event: 4.119 loading class java/util/stream/SortedOps
Event: 4.119 loading class java/util/stream/SortedOps done
Event: 4.119 loading class java/util/stream/SortedOps$OfRef
Event: 4.119 loading class java/util/stream/ReferencePipeline$StatefulOp
Event: 4.120 loading class java/util/stream/ReferencePipeline$StatefulOp done
Event: 4.120 loading class java/util/stream/SortedOps$OfRef done
Event: 4.120 loading class java/util/stream/SortedOps$RefSortingSink
Event: 4.120 loading class java/util/stream/SortedOps$AbstractRefSortingSink
Event: 4.120 loading class java/util/stream/SortedOps$AbstractRefSortingSink done
Event: 4.120 loading class java/util/stream/SortedOps$RefSortingSink done
Event: 4.144 loading class java/util/concurrent/ForkJoinWorkerThread
Event: 4.145 loading class java/util/concurrent/ForkJoinWorkerThread done
Event: 4.148 loading class java/util/concurrent/ExecutionException
Event: 4.148 loading class java/util/concurrent/ExecutionException done
Event: 4.149 loading class java/util/zip/ZipOutputStream
Event: 4.150 loading class java/util/zip/DeflaterOutputStream
Event: 4.150 loading class java/util/zip/DeflaterOutputStream done
Event: 4.150 loading class java/util/zip/ZipOutputStream done
Event: 4.156 loading class java/io/FilenameFilter
Event: 4.156 loading class java/io/FilenameFilter done


Dynamic libraries:
0x00007ff631c30000 - 0x00007ff631c3e000 	c:\Users\HP\.vscode\extensions\redhat.java-1.20.0-win32-x64\jre\17.0.7-win32-x86_64\bin\java.exe
0x00007ffa835f0000 - 0x00007ffa837e8000 	C:\WINDOWS\SYSTEM32\ntdll.dll
0x00007ffa822e0000 - 0x00007ffa8239f000 	C:\WINDOWS\System32\KERNEL32.DLL
0x00007ffa80d20000 - 0x00007ffa81016000 	C:\WINDOWS\System32\KERNELBASE.dll
0x00007ffa811b0000 - 0x00007ffa812b0000 	C:\WINDOWS\System32\ucrtbase.dll
0x00007ffa60370000 - 0x00007ffa60387000 	c:\Users\HP\.vscode\extensions\redhat.java-1.20.0-win32-x64\jre\17.0.7-win32-x86_64\bin\jli.dll
0x00007ffa82590000 - 0x00007ffa8272d000 	C:\WINDOWS\System32\USER32.dll
0x00007ffa810c0000 - 0x00007ffa810e2000 	C:\WINDOWS\System32\win32u.dll
0x00007ffa81b90000 - 0x00007ffa81bbc000 	C:\WINDOWS\System32\GDI32.dll
0x00007ffa81530000 - 0x00007ffa81645000 	C:\WINDOWS\System32\gdi32full.dll
0x00007ffa81020000 - 0x00007ffa810bd000 	C:\WINDOWS\System32\msvcp_win.dll
0x00007ffa5a470000 - 0x00007ffa5a489000 	c:\Users\HP\.vscode\extensions\redhat.java-1.20.0-win32-x64\jre\17.0.7-win32-x86_64\bin\VCRUNTIME140.dll
0x00007ffa6b5a0000 - 0x00007ffa6b83a000 	C:\WINDOWS\WinSxS\amd64_microsoft.windows.common-controls_6595b64144ccf1df_6.0.19041.1110_none_60b5254171f9507e\COMCTL32.dll
0x00007ffa82bc0000 - 0x00007ffa82c5e000 	C:\WINDOWS\System32\msvcrt.dll
0x00007ffa82c60000 - 0x00007ffa82c90000 	C:\WINDOWS\System32\IMM32.DLL
0x00007ffa71ec0000 - 0x00007ffa71ecc000 	c:\Users\HP\.vscode\extensions\redhat.java-1.20.0-win32-x64\jre\17.0.7-win32-x86_64\bin\vcruntime140_1.dll
0x00007ffa50490000 - 0x00007ffa50521000 	c:\Users\HP\.vscode\extensions\redhat.java-1.20.0-win32-x64\jre\17.0.7-win32-x86_64\bin\msvcp140.dll
0x00007ffa1ebc0000 - 0x00007ffa1f808000 	c:\Users\HP\.vscode\extensions\redhat.java-1.20.0-win32-x64\jre\17.0.7-win32-x86_64\bin\server\jvm.dll
0x00007ffa81de0000 - 0x00007ffa81e8f000 	C:\WINDOWS\System32\ADVAPI32.dll
0x00007ffa83510000 - 0x00007ffa835ac000 	C:\WINDOWS\System32\sechost.dll
0x00007ffa81cb0000 - 0x00007ffa81dd6000 	C:\WINDOWS\System32\RPCRT4.dll
0x00007ffa6f4b0000 - 0x00007ffa6f4b9000 	C:\WINDOWS\SYSTEM32\WSOCK32.dll
0x00007ffa823a0000 - 0x00007ffa8240b000 	C:\WINDOWS\System32\WS2_32.dll
0x00007ffa69b10000 - 0x00007ffa69b37000 	C:\WINDOWS\SYSTEM32\WINMM.dll
0x00007ffa73a30000 - 0x00007ffa73a3a000 	C:\WINDOWS\SYSTEM32\VERSION.dll
0x00007ffa7ebf0000 - 0x00007ffa7ec02000 	C:\WINDOWS\SYSTEM32\kernel.appcore.dll
0x00007ffa6f450000 - 0x00007ffa6f45a000 	c:\Users\HP\.vscode\extensions\redhat.java-1.20.0-win32-x64\jre\17.0.7-win32-x86_64\bin\jimage.dll
0x00007ffa7e890000 - 0x00007ffa7ea74000 	C:\WINDOWS\SYSTEM32\DBGHELP.DLL
0x00007ffa6f060000 - 0x00007ffa6f094000 	C:\WINDOWS\SYSTEM32\dbgcore.DLL
0x00007ffa81120000 - 0x00007ffa811a2000 	C:\WINDOWS\System32\bcryptPrimitives.dll
0x00007ffa6f420000 - 0x00007ffa6f42e000 	c:\Users\HP\.vscode\extensions\redhat.java-1.20.0-win32-x64\jre\17.0.7-win32-x86_64\bin\instrument.dll
0x00007ffa59bc0000 - 0x00007ffa59be5000 	c:\Users\HP\.vscode\extensions\redhat.java-1.20.0-win32-x64\jre\17.0.7-win32-x86_64\bin\java.dll
0x00007ffa5a1f0000 - 0x00007ffa5a208000 	c:\Users\HP\.vscode\extensions\redhat.java-1.20.0-win32-x64\jre\17.0.7-win32-x86_64\bin\zip.dll
0x00007ffa82dc0000 - 0x00007ffa83504000 	C:\WINDOWS\System32\SHELL32.dll
0x00007ffa7ed80000 - 0x00007ffa7f514000 	C:\WINDOWS\SYSTEM32\windows.storage.dll
0x00007ffa81f80000 - 0x00007ffa822d4000 	C:\WINDOWS\System32\combase.dll
0x00007ffa80710000 - 0x00007ffa8073e000 	C:\WINDOWS\SYSTEM32\Wldp.dll
0x00007ffa82470000 - 0x00007ffa8251d000 	C:\WINDOWS\System32\SHCORE.dll
0x00007ffa82520000 - 0x00007ffa82575000 	C:\WINDOWS\System32\shlwapi.dll
0x00007ffa80c00000 - 0x00007ffa80c25000 	C:\WINDOWS\SYSTEM32\profapi.dll
0x00007ffa59ba0000 - 0x00007ffa59bb9000 	C:\Users\HP\.vscode\extensions\redhat.java-1.20.0-win32-x64\jre\17.0.7-win32-x86_64\bin\net.dll
0x00007ffa77f90000 - 0x00007ffa7809a000 	C:\WINDOWS\SYSTEM32\WINHTTP.dll
0x00007ffa80470000 - 0x00007ffa804da000 	C:\WINDOWS\system32\mswsock.dll
0x00007ffa59b80000 - 0x00007ffa59b95000 	C:\Users\HP\.vscode\extensions\redhat.java-1.20.0-win32-x64\jre\17.0.7-win32-x86_64\bin\nio.dll
0x00007ffa6f010000 - 0x00007ffa6f020000 	c:\Users\HP\.vscode\extensions\redhat.java-1.20.0-win32-x64\jre\17.0.7-win32-x86_64\bin\verify.dll
0x00007ffa5a210000 - 0x00007ffa5a24e000 	C:\Users\HP\AppData\Roaming\Code\User\globalStorage\redhat.java\1.20.0\config_ss_win\org.eclipse.equinox.launcher\org.eclipse.equinox.launcher.win32.win32.x86_64_1.2.700.v20221108-1024\eclipse_11801.dll
0x00007ffa82c90000 - 0x00007ffa82dba000 	C:\WINDOWS\System32\ole32.dll
0x00007ffa6c550000 - 0x00007ffa6c559000 	C:\Users\HP\.vscode\extensions\redhat.java-1.20.0-win32-x64\jre\17.0.7-win32-x86_64\bin\management.dll
0x00007ffa60170000 - 0x00007ffa6017b000 	C:\Users\HP\.vscode\extensions\redhat.java-1.20.0-win32-x64\jre\17.0.7-win32-x86_64\bin\management_ext.dll
0x00007ffa81650000 - 0x00007ffa81658000 	C:\WINDOWS\System32\PSAPI.DLL

dbghelp: loaded successfully - version: 4.0.5 - missing functions: none
symbol engine: initialized successfully - sym options: 0x614 - pdb path: .;c:\Users\HP\.vscode\extensions\redhat.java-1.20.0-win32-x64\jre\17.0.7-win32-x86_64\bin;C:\WINDOWS\SYSTEM32;C:\WINDOWS\WinSxS\amd64_microsoft.windows.common-controls_6595b64144ccf1df_6.0.19041.1110_none_60b5254171f9507e;c:\Users\HP\.vscode\extensions\redhat.java-1.20.0-win32-x64\jre\17.0.7-win32-x86_64\bin\server;C:\Users\HP\AppData\Roaming\Code\User\globalStorage\redhat.java\1.20.0\config_ss_win\org.eclipse.equinox.launcher\org.eclipse.equinox.launcher.win32.win32.x86_64_1.2.700.v20221108-1024

VM Arguments:
jvm_args: --add-modules=ALL-SYSTEM --add-opens=java.base/java.util=ALL-UNNAMED --add-opens=java.base/java.lang=ALL-UNNAMED --add-opens=java.base/sun.nio.fs=ALL-UNNAMED -Declipse.application=org.eclipse.jdt.ls.core.id1 -Dosgi.bundles.defaultStartLevel=4 -Declipse.product=org.eclipse.jdt.ls.core.product -Djava.import.generatesMetadataFilesAtProjectRoot=false -Dfile.encoding=utf8 -XX:+UseParallelGC -XX:GCTimeRatio=4 -XX:AdaptiveSizePolicyWeight=90 -Dsun.zip.disableMemoryMapping=true -Xmx1G -Xms100m -Xlog:disable -javaagent:c:\Users\HP\.vscode\extensions\redhat.java-1.20.0-win32-x64\lombok\lombok-1.18.28.jar 
java_command: c:\Users\HP\.vscode\extensions\redhat.java-1.20.0-win32-x64\server\plugins\org.eclipse.equinox.launcher_1.6.500.v20230622-2056.jar -configuration c:\Users\HP\AppData\Roaming\Code\User\globalStorage\redhat.java\1.20.0\config_ss_win -data c:\Users\HP\AppData\Roaming\Code\User\workspaceStorage\a2c8421fa50bc568793d9cde75a0b7c2\redhat.java\ss_ws
java_class_path (initial): c:\Users\HP\.vscode\extensions\redhat.java-1.20.0-win32-x64\server\plugins\org.eclipse.equinox.launcher_1.6.500.v20230622-2056.jar
Launcher Type: SUN_STANDARD

[Global flags]
    uintx AdaptiveSizePolicyWeight                 = 90                                        {product} {command line}
     intx CICompilerCount                          = 3                                         {product} {ergonomic}
    uintx GCTimeRatio                              = 4                                         {product} {command line}
   size_t InitialHeapSize                          = 104857600                                 {product} {command line}
   size_t MaxHeapSize                              = 1073741824                                {product} {command line}
   size_t MaxNewSize                               = 357564416                                 {product} {ergonomic}
   size_t MinHeapDeltaBytes                        = 524288                                    {product} {ergonomic}
   size_t MinHeapSize                              = 104857600                                 {product} {command line}
   size_t NewSize                                  = 34603008                                  {product} {ergonomic}
    uintx NonNMethodCodeHeapSize                   = 5832780                                {pd product} {ergonomic}
    uintx NonProfiledCodeHeapSize                  = 122912730                              {pd product} {ergonomic}
   size_t OldSize                                  = 70254592                                  {product} {ergonomic}
    uintx ProfiledCodeHeapSize                     = 122912730                              {pd product} {ergonomic}
    uintx ReservedCodeCacheSize                    = 251658240                              {pd product} {ergonomic}
     bool SegmentedCodeCache                       = true                                      {product} {ergonomic}
   size_t SoftMaxHeapSize                          = 1073741824                             {manageable} {ergonomic}
     bool UseCompressedClassPointers               = true                           {product lp64_product} {ergonomic}
     bool UseCompressedOops                        = true                           {product lp64_product} {ergonomic}
     bool UseLargePagesIndividualAllocation        = false                                  {pd product} {ergonomic}
     bool UseParallelGC                            = true                                      {product} {command line}

Logging:
Log output configuration:
 #0: stdout all=off uptime,level,tags
 #1: stderr all=off uptime,level,tags

Environment Variables:
JAVA_HOME=C:\Program Files\OpenJDK\openjdk-11.0.16_8
PATH=C:\Program Files\Python311\Scripts\;C:\Program Files\Python311\;C:\Python310\Scripts\;C:\Python310\;C:\WINDOWS\system32;C:\WINDOWS;C:\WINDOWS\System32\Wbem;C:\WINDOWS\System32\WindowsPowerShell\v1.0\;C:\WINDOWS\System32\OpenSSH\;C:\ProgramData\chocolatey\bin;C:\Program Files\OpenJDK\openjdk-11.0.16_8\bin;C:\Program Files\Git\cmd;C:\Users\HP\AppData\Local\Android\Sdk\tools;C:\Users\HP\AppData\Local\Android\Sdk\tools\bin;C:\Users\HP\AppData\Local\Android\Sdk\platform-tools;C:\Program Files\nodejs\;C:\Users\HP\AppData\Local\Microsoft\WindowsApps;C:\Users\HP\AppData\Local\Programs\Microsoft VS Code\bin;C:\Users\HP\AppData\Local\Android\Sdk\platform-tools;C:\Users\HP\AppData\Local\JetBrains\PyCharm 2022.3.1\bin;C:\Users\HP\AppData\Roaming\npm;C:\Users\HP\AppData\Local\Android\Sdk\platform-tools;C:\Users\HP\AppData\Local\Android\Sdk\tools;
USERNAME=HP
OS=Windows_NT
PROCESSOR_IDENTIFIER=Intel64 Family 6 Model 69 Stepping 1, GenuineIntel
TMP=C:\Users\HP\AppData\Local\Temp
TEMP=C:\Users\HP\AppData\Local\Temp



---------------  S Y S T E M  ---------------

OS:
 Windows 10 , 64 bit Build 19041 (10.0.19041.3155)
OS uptime: 0 days 2:07 hours

CPU: total 4 (initial active 4) (2 cores per cpu, 2 threads per core) family 6 model 69 stepping 1 microcode 0x25, cx8, cmov, fxsr, ht, mmx, sse, sse2, sse3, ssse3, sse4.1, sse4.2, popcnt, lzcnt, tsc, tscinvbit, avx, avx2, aes, erms, clmul, bmi1, bmi2, fma, vzeroupper, clflush

Memory: 4k page, system-wide physical 8126M (1113M free)
TotalPageFile size 8386M (AvailPageFile size 9M)
current process WorkingSet (physical memory assigned to process): 99M, peak: 99M
current process commit charge ("private bytes"): 202M, peak: 202M

vm_info: OpenJDK 64-Bit Server VM (17.0.7+7) for windows-amd64 JRE (17.0.7+7), built on Apr 18 2023 22:10:42 by "temurin" with MS VC++ 16.7 (VS2019)

END.
